"../../../Engine/Content/BasicShapes/BasicShapeMaterial.uasset" 0
"../../../Engine/Content/BasicShapes/Cube.uasset" 1
"../../../../../ultra/Documents/GitHub/Isolation-uProject/Content/Blueprints/Cube_Blueprint.uasset" 2
"../../../../../ultra/Documents/GitHub/Isolation-uProject/Content/FirstPerson/Character/Mesh/SK_Mannequin_Arms_Skeleton.uasset" 3
"../../../../../ultra/Documents/GitHub/Isolation-uProject/Content/FirstPerson/Animations/FirstPerson_Idle.uasset" 4
"../../../../../ultra/Documents/GitHub/Isolation-uProject/Content/FirstPerson/Animations/FirstPerson_JumpEnd.uasset" 5
"../../../../../ultra/Documents/GitHub/Isolation-uProject/Content/FirstPerson/Animations/FirstPerson_JumpLoop.uasset" 6
"../../../../../ultra/Documents/GitHub/Isolation-uProject/Content/FirstPerson/Animations/FirstPerson_JumpStart.uasset" 7
"../../../../../ultra/Documents/GitHub/Isolation-uProject/Content/FirstPerson/Animations/FirstPerson_Run.uasset" 8
"../../../Engine/Content/EditorBlueprintResources/StandardMacros.uasset" 9
"../../../../../ultra/Documents/GitHub/Isolation-uProject/Content/FirstPerson/Animations/FirstPerson_AnimBP.uasset" 10
"../../../../../ultra/Documents/GitHub/Isolation-uProject/Content/FirstPerson/Character/Mesh/FirstPersonAnimBlueprint_Copy.uasset" 11
"../../../../../ultra/Documents/GitHub/Isolation-uProject/Content/FirstPerson/Character/Textures/UE4_LOGO_CARD.uasset" 12
"../../../../../ultra/Documents/GitHub/Isolation-uProject/Content/FirstPerson/FPWeapon/Materials/MaterialLayers/ML_Plastic_Shiny_Beige_LOGO.uasset" 13
"../../../../../ultra/Documents/GitHub/Isolation-uProject/Content/FirstPerson/FPWeapon/Materials/MaterialLayers/T_ML_FineRubber.uasset" 14
"../../../../../ultra/Documents/GitHub/Isolation-uProject/Content/FirstPerson/FPWeapon/Mesh/SK_FPGun_PhysicsAsset.uasset" 15
"../../../../../ultra/Documents/GitHub/Isolation-uProject/Content/FirstPerson/Meshes/BaseMaterial.uasset" 16
"../../../../../ultra/Documents/GitHub/Isolation-uProject/Content/FirstPerson/Meshes/CubeMaterialOverride.uasset" 17
"../../../../../ultra/Documents/GitHub/Isolation-uProject/Content/FirstPersonBP/FirstPersonOverview.uasset" 18
"../../../Engine/Content/Functions/Engine_MaterialFunctions01/Opacity/CameraDepthFade.uasset" 19
"../../../Engine/Content/EngineMaterials/T_Default_Material_Grid_M.uasset" 20
"../../../Engine/Content/EngineMaterials/T_Default_Material_Grid_N.uasset" 21
"../../../Engine/Content/EngineMaterials/WorldGridMaterial.uasset" 22
"../../../../../ultra/Documents/GitHub/Isolation-uProject/Content/Geometry/Box_Brush10_StaticMesh.uasset" 23
"../../../../../ultra/Documents/GitHub/Isolation-uProject/Content/Geometry/Box_Brush11_StaticMesh.uasset" 24
"../../../../../ultra/Documents/GitHub/Isolation-uProject/Content/Geometry/Meshes/Box_Brush10_StaticMesh.uasset" 25
"../../../../../ultra/Documents/GitHub/Isolation-uProject/Content/Geometry/Meshes/Box_Brush10_StaticMesh1.uasset" 26
"../../../../../ultra/Documents/GitHub/Isolation-uProject/Content/Geometry/Meshes/Box_Brush11_StaticMesh.uasset" 27
"../../../../../ultra/Documents/GitHub/Isolation-uProject/Content/Geometry/Meshes/Box_Brush12_StaticMesh.uasset" 28
"../../../../../ultra/Documents/GitHub/Isolation-uProject/Content/Geometry/Meshes/Box_Brush7_StaticMesh.uasset" 29
"../../../../../ultra/Documents/GitHub/Isolation-uProject/Content/Geometry/Meshes/Box_Brush7_StaticMesh1.uasset" 30
"../../../../../ultra/Documents/GitHub/Isolation-uProject/Content/StarterContent/Textures/T_Perlin_Noise_M.uasset" 31
"../../../../../ultra/Documents/GitHub/Isolation-uProject/Content/StarterContent/Textures/T_Wood_Floor_Walnut_D.uasset" 32
"../../../../../ultra/Documents/GitHub/Isolation-uProject/Content/StarterContent/Textures/T_Wood_Floor_Walnut_M.uasset" 33
"../../../../../ultra/Documents/GitHub/Isolation-uProject/Content/StarterContent/Textures/T_Wood_Floor_Walnut_N.uasset" 34
"../../../../../ultra/Documents/GitHub/Isolation-uProject/Content/StarterContent/Materials/M_Wood_Floor_Walnut_Polished.uasset" 35
"../../../../../ultra/Documents/GitHub/Isolation-uProject/Content/Geometry/Meshes/Box_Brush9_StaticMesh.uasset" 36
"../../../../../ultra/Documents/GitHub/Isolation-uProject/Content/Ice_material/Ice_00/Ice_4K_AO.uasset" 37
"../../../../../ultra/Documents/GitHub/Isolation-uProject/Content/Ice_material/Ice_00/Ice_4K_Displacement.uasset" 38
"../../../../../ultra/Documents/GitHub/Isolation-uProject/Content/Ice_material/Ice_00/Ice_4K_Metalness.uasset" 39
"../../../../../ultra/Documents/GitHub/Isolation-uProject/Content/Mannequin/Character/Mesh/UE4_Mannequin_Skeleton.uasset" 40
"../../../../../ultra/Documents/GitHub/Isolation-uProject/Content/Mannequin/Animations/ThirdPersonJump_End.uasset" 41
"../../../../../ultra/Documents/GitHub/Isolation-uProject/Content/Mesh/telescope.uasset" 42
"../../../../../ultra/Documents/GitHub/Isolation-uProject/Content/Mesh/Line001.uasset" 43
"../../../../../ultra/Documents/GitHub/Isolation-uProject/Content/Mesh/Telescope/FbxScene_telescope.uasset" 44
"../../../../../ultra/Documents/GitHub/Isolation-uProject/Content/Mesh/FbxScene_telescope.uasset" 45
"../../../../../ultra/Documents/GitHub/Isolation-uProject/Content/Mesh/Textures/Cabin/Trim_Low_lambert3_BaseColor.uasset" 46
"../../../../../ultra/Documents/GitHub/Isolation-uProject/Content/Mesh/Textures/Cabin/Trim_Low_lambert3_Normal.uasset" 47
"../../../../../ultra/Documents/GitHub/Isolation-uProject/Content/Mesh/Textures/Cabin/Trim_Low_lambert3_OcclusionRoughnessMetallic.uasset" 48
"../../../../../ultra/Documents/GitHub/Isolation-uProject/Content/Mesh/aiStandardSurface2.uasset" 49
"../../../../../ultra/Documents/GitHub/Isolation-uProject/Content/Mesh/Half.uasset" 50
"../../../../../ultra/Documents/GitHub/Isolation-uProject/Content/Mesh/bookcase.uasset" 51
"../../../../../ultra/Documents/GitHub/Isolation-uProject/Content/Mesh/lambert2.uasset" 52
"../../../../../ultra/Documents/GitHub/Isolation-uProject/Content/Mesh/pCube1.uasset" 53
"../../../../../ultra/Documents/GitHub/Isolation-uProject/Content/MSPresets/MSTextures/AO.uasset" 54
"../../../../../ultra/Documents/GitHub/Isolation-uProject/Content/MSPresets/MSTextures/Displacement.uasset" 55
"../../../../../ultra/Documents/GitHub/Isolation-uProject/Content/MSPresets/MSTextures/Metalness.uasset" 56
"../../../../../ultra/Documents/GitHub/Isolation-uProject/Content/MSPresets/MSTextures/noise_mask.uasset" 57
"../../../../../ultra/Documents/GitHub/Isolation-uProject/Content/MSPresets/MSTextures/noise_normal.uasset" 58
"../../../../../ultra/Documents/GitHub/Isolation-uProject/Content/StarterContent/Materials/M_Basic_Wall.uasset" 59
"../../../../../ultra/Documents/GitHub/Isolation-uProject/Content/StarterContent/Architecture/Pillar_50x500.uasset" 60
"../../../../../ultra/Documents/GitHub/Isolation-uProject/Content/StarterContent/Architecture/Wall_400x300.uasset" 61
"../../../../../ultra/Documents/GitHub/Isolation-uProject/Content/StarterContent/Architecture/Wall_400x400.uasset" 62
"../../../../../ultra/Documents/GitHub/Isolation-uProject/Content/StarterContent/Architecture/Wall_500x500.uasset" 63
"../../../../../ultra/Documents/GitHub/Isolation-uProject/Content/StarterContent/Architecture/Wall_Door_400x400.uasset" 64
"../../../../../ultra/Documents/GitHub/Isolation-uProject/Content/StarterContent/Architecture/Wall_Window_400x400.uasset" 65
"../../../../../ultra/Documents/GitHub/Isolation-uProject/Content/StarterContent/Audio/Collapse01.uasset" 66
"../../../../../ultra/Documents/GitHub/Isolation-uProject/Content/StarterContent/Audio/Collapse02.uasset" 67
"../../../../../ultra/Documents/GitHub/Isolation-uProject/Content/StarterContent/Audio/Explosion01.uasset" 68
"../../../../../ultra/Documents/GitHub/Isolation-uProject/Content/StarterContent/Audio/Explosion02.uasset" 69
"../../../../../ultra/Documents/GitHub/Isolation-uProject/Content/StarterContent/Audio/Fire01.uasset" 70
"../../../../../ultra/Documents/GitHub/Isolation-uProject/Content/StarterContent/Audio/Fire_Sparks01.uasset" 71
"../../../../../ultra/Documents/GitHub/Isolation-uProject/Content/StarterContent/Audio/Light01.uasset" 72
"../../../../../ultra/Documents/GitHub/Isolation-uProject/Content/StarterContent/Audio/Light01_Cue.uasset" 73
"../../../../../ultra/Documents/GitHub/Isolation-uProject/Content/StarterContent/Audio/Light02.uasset" 74
"../../../../../ultra/Documents/GitHub/Isolation-uProject/Content/StarterContent/Audio/Light02_Cue.uasset" 75
"../../../../../ultra/Documents/GitHub/Isolation-uProject/Content/StarterContent/Audio/Smoke01.uasset" 76
"../../../../../ultra/Documents/GitHub/Isolation-uProject/Content/StarterContent/Audio/Starter_Birds01.uasset" 77
"../../../../../ultra/Documents/GitHub/Isolation-uProject/Content/StarterContent/Audio/Starter_Music01.uasset" 78
"../../../../../ultra/Documents/GitHub/Isolation-uProject/Content/StarterContent/Audio/Starter_Wind05.uasset" 79
"../../../../../ultra/Documents/GitHub/Isolation-uProject/Content/StarterContent/Audio/Starter_Wind06.uasset" 80
"../../../../../ultra/Documents/GitHub/Isolation-uProject/Content/StarterContent/Audio/Steam01.uasset" 81
"../../../../../ultra/Documents/GitHub/Isolation-uProject/Content/StarterContent/Audio/Explosion_Cue.uasset" 82
"../../../../../ultra/Documents/GitHub/Isolation-uProject/Content/StarterContent/Textures/T_Burst_M.uasset" 83
"../../../../../ultra/Documents/GitHub/Isolation-uProject/Content/StarterContent/Particles/Materials/M_Burst.uasset" 84
"../../../../../ultra/Documents/GitHub/Isolation-uProject/Content/StarterContent/Textures/T_Explosion_SubUV.uasset" 85
"../../../../../ultra/Documents/GitHub/Isolation-uProject/Content/StarterContent/Particles/Materials/M_explosion_subUV.uasset" 86
"../../../../../ultra/Documents/GitHub/Isolation-uProject/Content/StarterContent/Particles/Materials/m_flare_01.uasset" 87
"../../../Engine/Content/Functions/Engine_MaterialFunctions01/Gradient/RadialGradient.uasset" 88
"../../../../../ultra/Documents/GitHub/Isolation-uProject/Content/StarterContent/Particles/Materials/M_radial_ramp.uasset" 89
"../../../../../ultra/Documents/GitHub/Isolation-uProject/Content/StarterContent/Textures/T_Smoke_SubUV.uasset" 90
"../../../../../ultra/Documents/GitHub/Isolation-uProject/Content/StarterContent/Textures/T_Smoke_Tiled_D.uasset" 91
"../../../../../ultra/Documents/GitHub/Isolation-uProject/Content/StarterContent/Particles/Materials/M_smoke_subUV.uasset" 92
"../../../../../ultra/Documents/GitHub/Isolation-uProject/Content/StarterContent/Particles/P_Explosion.uasset" 93
"../../../../../ultra/Documents/GitHub/Isolation-uProject/Content/StarterContent/Blueprints/Blueprint_Effect_Explosion.uasset" 94
"../../../Engine/Content/EditorMeshes/ColorCalibrator/T_ColorGrid.uasset" 95
"../../../../../ultra/Documents/GitHub/Isolation-uProject/Content/StarterContent/Materials/M_ColorGrid_LowSpec.uasset" 96
"../../../../../ultra/Documents/GitHub/Isolation-uProject/Content/StarterContent/Textures/T_Bush_D.uasset" 97
"../../../../../ultra/Documents/GitHub/Isolation-uProject/Content/StarterContent/Textures/T_Bush_N.uasset" 98
"../../../../../ultra/Documents/GitHub/Isolation-uProject/Content/StarterContent/Props/Materials/M_Bush.uasset" 99
"../../../../../ultra/Documents/GitHub/Isolation-uProject/Content/StarterContent/Props/SM_Bush.uasset" 100
"../../../../../ultra/Documents/GitHub/Isolation-uProject/Content/StarterContent/Textures/T_Chair_M.uasset" 101
"../../../../../ultra/Documents/GitHub/Isolation-uProject/Content/StarterContent/Textures/T_Chair_N.uasset" 102
"../../../../../ultra/Documents/GitHub/Isolation-uProject/Content/StarterContent/Props/Materials/M_Chair.uasset" 103
"../../../../../ultra/Documents/GitHub/Isolation-uProject/Content/StarterContent/Props/SM_Couch.uasset" 104
"../../../../../ultra/Documents/GitHub/Isolation-uProject/Content/StarterContent/Materials/M_Glass.uasset" 105
"../../../../../ultra/Documents/GitHub/Isolation-uProject/Content/StarterContent/Textures/T_Door_M.uasset" 106
"../../../../../ultra/Documents/GitHub/Isolation-uProject/Content/StarterContent/Textures/T_Door_N.uasset" 107
"../../../../../ultra/Documents/GitHub/Isolation-uProject/Content/StarterContent/Props/Materials/M_Door.uasset" 108
"../../../../../ultra/Documents/GitHub/Isolation-uProject/Content/StarterContent/Props/SM_Door.uasset" 109
"../../../../../ultra/Documents/GitHub/Isolation-uProject/Content/StarterContent/Props/Materials/M_MaterialSphere.uasset" 110
"../../../../../ultra/Documents/GitHub/Isolation-uProject/Content/StarterContent/Props/Materials/M_MaterialSphere_Plain.uasset" 111
"../../../../../ultra/Documents/GitHub/Isolation-uProject/Content/StarterContent/Props/SM_MatPreviewMesh_02.uasset" 112
"../../../Engine/Content/Functions/Engine_MaterialFunctions02/Utility/BlendAngleCorrectedNormals.uasset" 113
"../../../../../ultra/Documents/GitHub/Isolation-uProject/Content/StarterContent/Textures/T_Detail_Rocky_N.uasset" 114
"../../../../../ultra/Documents/GitHub/Isolation-uProject/Content/StarterContent/Textures/T_Rock_Basalt_D.uasset" 115
"../../../../../ultra/Documents/GitHub/Isolation-uProject/Content/StarterContent/Textures/T_RockMesh_M.uasset" 116
"../../../../../ultra/Documents/GitHub/Isolation-uProject/Content/StarterContent/Textures/T_RockMesh_N.uasset" 117
"../../../../../ultra/Documents/GitHub/Isolation-uProject/Content/StarterContent/Props/Materials/M_Rock.uasset" 118
"../../../../../ultra/Documents/GitHub/Isolation-uProject/Content/StarterContent/Props/SM_Rock.uasset" 119
"../../../../../ultra/Documents/GitHub/Isolation-uProject/Content/StarterContent/Textures/T_Shelf_M.uasset" 120
"../../../../../ultra/Documents/GitHub/Isolation-uProject/Content/StarterContent/Textures/T_Shelf_N.uasset" 121
"../../../../../ultra/Documents/GitHub/Isolation-uProject/Content/StarterContent/Props/Materials/M_Shelf.uasset" 122
"../../../../../ultra/Documents/GitHub/Isolation-uProject/Content/StarterContent/Props/SM_Shelf.uasset" 123
"../../../../../ultra/Documents/GitHub/Isolation-uProject/Content/StarterContent/Materials/M_Basic_Floor.uasset" 124
"../../../../../ultra/Documents/GitHub/Isolation-uProject/Content/StarterContent/Props/SM_Stairs.uasset" 125
"../../../../../ultra/Documents/GitHub/Isolation-uProject/Content/StarterContent/Shapes/Shape_Cone.uasset" 126
"../../../../../ultra/Documents/GitHub/Isolation-uProject/Content/StarterContent/Shapes/Shape_Cylinder.uasset" 127
"../../../../../ultra/Documents/GitHub/Isolation-uProject/Content/StarterContent/Shapes/Shape_NarrowCapsule.uasset" 128
"../../../../../ultra/Documents/GitHub/Isolation-uProject/Content/StarterContent/Shapes/Shape_Pipe.uasset" 129
"../../../../../ultra/Documents/GitHub/Isolation-uProject/Content/StarterContent/Shapes/Shape_Pipe_180.uasset" 130
"../../../../../ultra/Documents/GitHub/Isolation-uProject/Content/StarterContent/Shapes/Shape_Pipe_90.uasset" 131
"../../../../../ultra/Documents/GitHub/Isolation-uProject/Content/StarterContent/Shapes/Shape_Plane.uasset" 132
"../../../../../ultra/Documents/GitHub/Isolation-uProject/Content/StarterContent/Shapes/Shape_Torus.uasset" 133
"../../../../../ultra/Documents/GitHub/Isolation-uProject/Content/StarterContent/Shapes/Shape_Trim.uasset" 134
"../../../../../ultra/Documents/GitHub/Isolation-uProject/Content/StarterContent/Shapes/Shape_Trim_90_In.uasset" 135
"../../../../../ultra/Documents/GitHub/Isolation-uProject/Content/StarterContent/Shapes/Shape_Trim_90_Out.uasset" 136
"../../../../../ultra/Documents/GitHub/Isolation-uProject/Content/StarterContent/Shapes/Shape_TriPyramid.uasset" 137
"../../../../../ultra/Documents/GitHub/Isolation-uProject/Content/StarterContent/Shapes/Shape_Tube.uasset" 138
"../../../../../ultra/Documents/GitHub/Isolation-uProject/Content/StarterContent/Shapes/Shape_Wedge_A.uasset" 139
"../../../../../ultra/Documents/GitHub/Isolation-uProject/Content/StarterContent/Shapes/Shape_Wedge_B.uasset" 140
"../../../../../ultra/Documents/GitHub/Isolation-uProject/Content/StarterContent/Shapes/Shape_WideCapsule.uasset" 141
"../../../../../ultra/Documents/GitHub/Isolation-uProject/Content/ThirdPersonBP/ThirdPersonOverview.uasset" 142
"../../../../../ultra/Documents/GitHub/Isolation-uProject/Content/Mannequin/Animations/ThirdPerson_Jump.uasset" 143
"../../../../../ultra/Documents/GitHub/Isolation-uProject/Content/Mannequin/Animations/ThirdPersonJump_Loop.uasset" 144
"../../../../../ultra/Documents/GitHub/Isolation-uProject/Content/Mannequin/Animations/ThirdPersonJump_Start.uasset" 145
"../../../../../ultra/Documents/GitHub/Isolation-uProject/Content/Mannequin/Animations/ThirdPersonIdle.uasset" 146
"../../../../../ultra/Documents/GitHub/Isolation-uProject/Content/Mannequin/Animations/ThirdPersonRun.uasset" 147
"../../../../../ultra/Documents/GitHub/Isolation-uProject/Content/Mannequin/Animations/ThirdPersonWalk.uasset" 148
"../../../../../ultra/Documents/GitHub/Isolation-uProject/Content/Mannequin/Animations/ThirdPerson_IdleRun_2D.uasset" 149
"../../../../../ultra/Documents/GitHub/Isolation-uProject/Content/FirstPerson/Animations/FirstPerson_Fire.uasset" 150
"../../../../../ultra/Documents/GitHub/Isolation-uProject/Content/FirstPerson/Animations/FirstPersonFire_Montage.uasset" 151
"../../../../../ultra/Documents/GitHub/Isolation-uProject/Content/Mesh/Flashlight/Lamp_Low_3_initialShadingGroup_BaseColor.uasset" 152
"../../../../../ultra/Documents/GitHub/Isolation-uProject/Content/Mesh/Flashlight/Lamp_Low_3_initialShadingGroup_Normal.uasset" 153
"../../../../../ultra/Documents/GitHub/Isolation-uProject/Content/Mesh/Flashlight/Lamp_Low_3_initialShadingGroup_OcclusionRoughnessMetallic.uasset" 154
"../../../../../ultra/Documents/GitHub/Isolation-uProject/Content/Mesh/Flashlight/Lamp_LowMat.uasset" 155
"../../../../../ultra/Documents/GitHub/Isolation-uProject/Content/Mesh/Flashlight/Lamp_Low_3.uasset" 156
"../../../../../ultra/Documents/GitHub/Isolation-uProject/Content/UI/InteractObj.uasset" 157
"../../../../../ultra/Documents/GitHub/Isolation-uProject/Content/Blueprints/Actor_Blueprint.uasset" 158
"../../../../../ultra/Documents/GitHub/Isolation-uProject/Content/FirstPerson/Meshes/FirstPersonProjectileMaterial.uasset" 159
"../../../../../ultra/Documents/GitHub/Isolation-uProject/Content/FirstPerson/Meshes/FirstPersonProjectileMesh.uasset" 160
"../../../../../ultra/Documents/GitHub/Isolation-uProject/Content/FirstPersonBP/Blueprints/FirstPersonProjectile.uasset" 161
"../../../../../ultra/Documents/GitHub/Isolation-uProject/Content/ThirdPerson/FootPrint/Footprint.uasset" 162
"../../../../../ultra/Documents/GitHub/Isolation-uProject/Content/ThirdPerson/FootPrint/Footprint_Mat.uasset" 163
"../../../../../ultra/Documents/GitHub/Isolation-uProject/Content/Blueprints/Titania-Regular.uasset" 164
"../../../../../ultra/Documents/GitHub/Isolation-uProject/Content/Blueprints/Titania-Regular_Font.uasset" 165
"../../../../../ultra/Documents/GitHub/Isolation-uProject/Content/UI/ObjectUI.uasset" 166
"../../../../../ultra/Documents/GitHub/Isolation-uProject/Content/FirstPerson/Audio/FirstPersonTemplateWeaponFire02.uasset" 167
"../../../Engine/Content/Functions/MaterialLayerFunctions/MatLayerBlend_NormalBlend.uasset" 168
"../../../Engine/Content/Functions/MaterialLayerFunctions/MatLayerBlend_Simple.uasset" 169
"../../../../../ultra/Documents/GitHub/Isolation-uProject/Content/FirstPerson/Character/Materials/MaterialLayers/T_ML_Rubber_Blue_01_D.uasset" 170
"../../../../../ultra/Documents/GitHub/Isolation-uProject/Content/FirstPerson/Character/Materials/MaterialLayers/T_ML_Rubber_Blue_01_N.uasset" 171
"../../../../../ultra/Documents/GitHub/Isolation-uProject/Content/FirstPerson/Character/Materials/MaterialLayers/ML_GlossyBlack_Latex_UE4.uasset" 172
"../../../../../ultra/Documents/GitHub/Isolation-uProject/Content/FirstPerson/Character/Materials/MaterialLayers/ML_Plastic_Shiny_Beige.uasset" 173
"../../../../../ultra/Documents/GitHub/Isolation-uProject/Content/FirstPerson/Character/Materials/MaterialLayers/ML_Plastic_Shiny_Beige_LOGO.uasset" 174
"../../../../../ultra/Documents/GitHub/Isolation-uProject/Content/FirstPerson/Character/Materials/MaterialLayers/T_ML_Aluminum01.uasset" 175
"../../../../../ultra/Documents/GitHub/Isolation-uProject/Content/FirstPerson/Character/Materials/MaterialLayers/T_ML_Aluminum01_N.uasset" 176
"../../../../../ultra/Documents/GitHub/Isolation-uProject/Content/FirstPerson/Character/Materials/MaterialLayers/ML_SoftMetal_UE4.uasset" 177
"../../../../../ultra/Documents/GitHub/Isolation-uProject/Content/FirstPerson/Character/Textures/UE4_Mannequin__normals.uasset" 178
"../../../../../ultra/Documents/GitHub/Isolation-uProject/Content/FirstPerson/Character/Textures/UE4_Mannequin_MAT_MASKA.uasset" 179
"../../../../../ultra/Documents/GitHub/Isolation-uProject/Content/FirstPerson/Character/Materials/M_UE4Man_Body.uasset" 180
"../../../../../ultra/Documents/GitHub/Isolation-uProject/Content/FirstPerson/Character/Mesh/SK_Mannequin_Arms_PhysicsAsset.uasset" 181
"../../../../../ultra/Documents/GitHub/Isolation-uProject/Content/FirstPerson/Character/Mesh/SK_Mannequin_Arms.uasset" 182
"../../../../../ultra/Documents/GitHub/Isolation-uProject/Content/FirstPerson/FPWeapon/Materials/MaterialLayers/T_ML_Rubber_Blue_01_D.uasset" 183
"../../../../../ultra/Documents/GitHub/Isolation-uProject/Content/FirstPerson/FPWeapon/Materials/MaterialLayers/T_ML_Rubber_Blue_01_N.uasset" 184
"../../../../../ultra/Documents/GitHub/Isolation-uProject/Content/FirstPerson/FPWeapon/Materials/MaterialLayers/ML_GlossyBlack_Latex_UE4.uasset" 185
"../../../../../ultra/Documents/GitHub/Isolation-uProject/Content/FirstPerson/FPWeapon/Materials/MaterialLayers/ML_Plastic_Shiny_Beige.uasset" 186
"../../../../../ultra/Documents/GitHub/Isolation-uProject/Content/FirstPerson/FPWeapon/Materials/MaterialLayers/ML_Screen.uasset" 187
"../../../../../ultra/Documents/GitHub/Isolation-uProject/Content/FirstPerson/FPWeapon/Materials/MaterialLayers/T_ML_Aluminum01.uasset" 188
"../../../../../ultra/Documents/GitHub/Isolation-uProject/Content/FirstPerson/FPWeapon/Materials/MaterialLayers/T_ML_Aluminum01_N.uasset" 189
"../../../../../ultra/Documents/GitHub/Isolation-uProject/Content/FirstPerson/FPWeapon/Materials/MaterialLayers/ML_SoftMetal_UE4.uasset" 190
"../../../../../ultra/Documents/GitHub/Isolation-uProject/Content/FirstPerson/FPWeapon/Textures/T_FPGun_M.uasset" 191
"../../../../../ultra/Documents/GitHub/Isolation-uProject/Content/FirstPerson/FPWeapon/Textures/T_FPGun_N.uasset" 192
"../../../../../ultra/Documents/GitHub/Isolation-uProject/Content/FirstPerson/FPWeapon/Materials/M_FPGun.uasset" 193
"../../../../../ultra/Documents/GitHub/Isolation-uProject/Content/FirstPerson/FPWeapon/Mesh/SK_FPGun_Skeleton.uasset" 194
"../../../../../ultra/Documents/GitHub/Isolation-uProject/Content/FirstPerson/FPWeapon/Mesh/SK_FPGun.uasset" 195
"../../../../../ultra/Documents/GitHub/Isolation-uProject/Content/Mannequin/Character/Materials/MaterialLayers/T_ML_Rubber_Blue_01_D.uasset" 196
"../../../../../ultra/Documents/GitHub/Isolation-uProject/Content/Mannequin/Character/Materials/MaterialLayers/T_ML_Rubber_Blue_01_N.uasset" 197
"../../../../../ultra/Documents/GitHub/Isolation-uProject/Content/Mannequin/Character/Materials/MaterialLayers/ML_GlossyBlack_Latex_UE4.uasset" 198
"../../../../../ultra/Documents/GitHub/Isolation-uProject/Content/Mannequin/Character/Materials/MaterialLayers/ML_Plastic_Shiny_Beige.uasset" 199
"../../../../../ultra/Documents/GitHub/Isolation-uProject/Content/Mannequin/Character/Textures/UE4_LOGO_CARD.uasset" 200
"../../../../../ultra/Documents/GitHub/Isolation-uProject/Content/Mannequin/Character/Materials/MaterialLayers/ML_Plastic_Shiny_Beige_LOGO.uasset" 201
"../../../../../ultra/Documents/GitHub/Isolation-uProject/Content/Mannequin/Character/Materials/MaterialLayers/T_ML_Aluminum01.uasset" 202
"../../../../../ultra/Documents/GitHub/Isolation-uProject/Content/Mannequin/Character/Materials/MaterialLayers/T_ML_Aluminum01_N.uasset" 203
"../../../../../ultra/Documents/GitHub/Isolation-uProject/Content/Mannequin/Character/Materials/MaterialLayers/ML_SoftMetal_UE4.uasset" 204
"../../../../../ultra/Documents/GitHub/Isolation-uProject/Content/Mannequin/Character/Textures/UE4_Mannequin__normals.uasset" 205
"../../../../../ultra/Documents/GitHub/Isolation-uProject/Content/Mannequin/Character/Textures/UE4_Mannequin_MAT_MASKA.uasset" 206
"../../../../../ultra/Documents/GitHub/Isolation-uProject/Content/Mannequin/Character/Materials/M_UE4Man_Body.uasset" 207
"../../../../../ultra/Documents/GitHub/Isolation-uProject/Content/Mannequin/Character/Textures/UE4Man_Logo_N.uasset" 208
"../../../../../ultra/Documents/GitHub/Isolation-uProject/Content/Mannequin/Character/Materials/M_UE4Man_ChestLogo.uasset" 209
"../../../../../ultra/Documents/GitHub/Isolation-uProject/Content/Mannequin/Character/Mesh/SK_Mannequin_PhysicsAsset.uasset" 210
"../../../../../ultra/Documents/GitHub/Isolation-uProject/Content/Mannequin/Character/Mesh/SK_Mannequin.uasset" 211
"../../../../../ultra/Documents/GitHub/Isolation-uProject/Content/Snow/snowFlake_.uasset" 212
"../../../../../ultra/Documents/GitHub/Isolation-uProject/Content/Snow/Snow_Flake_Lit_M.uasset" 213
"../../../../../ultra/Documents/GitHub/Isolation-uProject/Content/Snow/Snow_Flake_UnLit_M.uasset" 214
"../../../Engine/Content/Functions/Engine_MaterialFunctions01/Density/ExponentialDensity.uasset" 215
"../../../Engine/Content/Functions/Engine_MaterialFunctions01/Gradient/RadialGradientExponential.uasset" 216
"../../../../../ultra/Documents/GitHub/Isolation-uProject/Content/Snow/Snow_Particle_lit_M.uasset" 217
"../../../../../ultra/Documents/GitHub/Isolation-uProject/Content/Snow/Snow_Particle_Unlit_M.uasset" 218
"../../../../../ultra/Documents/GitHub/Isolation-uProject/Content/Snow/Snow_Particle.uasset" 219
"../../../../../ultra/Documents/GitHub/Isolation-uProject/Content/Sounds/footsteps/Human_footstep_snow_01.uasset" 220
"../../../../../ultra/Documents/GitHub/Isolation-uProject/Content/Sounds/footsteps/Human_footstep_snow_02.uasset" 221
"../../../../../ultra/Documents/GitHub/Isolation-uProject/Content/FirstPersonBP/Blueprints/FirstPersonCharacter.uasset" 222
"../../../../../ultra/Documents/GitHub/Isolation-uProject/Content/Mannequin/Animations/ThirdPerson_AnimBP.uasset" 223
"../../../../../ultra/Documents/GitHub/Isolation-uProject/Content/ThirdPersonBP/Blueprints/ThirdPersonCharacter.uasset" 224
"../../../../../ultra/Documents/GitHub/Isolation-uProject/Content/ThirdPersonBP/Blueprints/ThirdPersonGameMode.uasset" 225
"../../../Engine/Content/Functions/Engine_MaterialFunctions03/ComplexMotion/Motion_4WayChaos.uasset" 226
"../../../Engine/Content/Engine_MI_Shaders/T_Base_Tile_Normal.uasset" 227
"../../../Engine/Content/Functions/Engine_MaterialFunctions03/ComplexMotion/Motion_4WayChaos_Normal.uasset" 228
"../../../../../ultra/Documents/GitHub/Isolation-uProject/Content/WaterPlane/Lake/Textures/T_MediumWaves_H.uasset" 229
"../../../../../ultra/Documents/GitHub/Isolation-uProject/Content/WaterPlane/Lake/Textures/T_MediumWaves_N.uasset" 230
"../../../../../ultra/Documents/GitHub/Isolation-uProject/Content/WaterPlane/Lake/Textures/T_SmallWaves_N.uasset" 231
"../../../../../ultra/Documents/GitHub/Isolation-uProject/Content/WaterPlane/Lake/Materials/M_LakeWater_01.uasset" 232
"../../../../../ultra/Documents/GitHub/Isolation-uProject/Content/WaterPlane/Ocean/Textures/T_LargeWaves_H.uasset" 233
"../../../../../ultra/Documents/GitHub/Isolation-uProject/Content/WaterPlane/Lake/Materials/M_LakeWater_01_Inst.uasset" 234
"../../../Engine/Content/MapTemplates/Sky/DaylightAmbientCubemap.uasset" 235
"../../../../../ultra/Documents/GitHub/Isolation-uProject/Content/WaterPlane/Ocean/Materials/OceanWater_SS.uasset" 236
"../../../../../ultra/Documents/GitHub/Isolation-uProject/Content/WaterPlane/Ocean/Textures/T_LargeWaves_N.uasset" 237
"../../../../../ultra/Documents/GitHub/Isolation-uProject/Content/WaterPlane/Ocean/Textures/T_Seafoam_01.uasset" 238
"../../../../../ultra/Documents/GitHub/Isolation-uProject/Content/WaterPlane/Ocean/Materials/M_OceanWater_1.uasset" 239
"../../../Engine/Content/MapTemplates/Sky/Desert_Outer_HDR.uasset" 240
"../../../../../ultra/Documents/GitHub/Isolation-uProject/Content/WaterPlane/Ocean/Materials/M_OceanWater_1_Inst.uasset" 241
"../../../../../ultra/Documents/GitHub/Isolation-uProject/Content/WaterPlane/Meshes/SM_OceanWater.uasset" 242
"../../../../../ultra/Documents/GitHub/Isolation-uProject/Content/WaterPlane/Lake/Blueprint/BP_LakeWater.uasset" 243
"../../../../../ultra/Documents/GitHub/Isolation-uProject/Content/WaterPlane/Lake/Materials/Ice.uasset" 244
"../../../../../ultra/Documents/GitHub/Isolation-uProject/Content/WaterPlane/Ocean/Blueprint/BP_OceanWater.uasset" 245
"../../../../../ultra/Documents/GitHub/Isolation-uProject/Content/WaterPlane/Ocean/Materials/FakedCaustics.uasset" 246
"../../../../../ultra/Documents/GitHub/Isolation-uProject/Content/WaterPlane/Ocean/Textures/T_MicroWaves_N.uasset" 247
"../../../../../ultra/Documents/GitHub/Isolation-uProject/Content/WaterPlane/Ocean/Textures/T_OceanFoam_01.uasset" 248
"../../../../../ultra/Documents/GitHub/Isolation-uProject/Content/WaterPlane/Translucent/Materials/M_TranslucentWater.uasset" 249
"../../../../../ultra/Documents/GitHub/Isolation-uProject/Content/WaterPlane/Translucent/Materials/M_TranslucentWater_Inst.uasset" 250
"../../../../../ultra/Documents/GitHub/Isolation-uProject/Content/WaterPlane/Translucent/Blueprint/BP_TranslucentWater.uasset" 251
"../../../Engine/Content/Animation/DefaultAnimCurveCompressionSettings.uasset" 252
"../../../Engine/Content/ArtTools/RenderToTexture/Meshes/S_1_Unit_Plane.uasset" 253
"../../../Engine/Content/EngineMaterials/DefaultMaterial.uasset" 254
"../../../Engine/Content/BasicShapes/Cone.uasset" 255
"../../../Engine/Content/EditorLandscapeResources/DataLayer.uasset" 256
"../../../Engine/Content/EditorMaterials/GizmoMaterial.uasset" 257
"../../../Engine/Content/EditorMaterials/MAT_Groups_Toggle.uasset" 258
"../../../Engine/Content/EditorMaterials/MAT_Groups_Visibility.uasset" 259
"../../../Engine/Content/EditorMaterials/PreviewShadowIndicator.uasset" 260
"../../../Engine/Content/EditorMaterials/PreviewShadowIndicatorMaterial.uasset" 261
"../../../Engine/Content/EditorMaterials/MatineeGroups/MAT_ColorTrack.uasset" 262
"../../../Engine/Content/EditorMaterials/MatineeGroups/MAT_Groups_Anim.uasset" 263
"../../../Engine/Content/EditorMaterials/MatineeGroups/MAT_Groups_AudioMaster.uasset" 264
"../../../Engine/Content/EditorMaterials/MatineeGroups/MAT_Groups_Director.uasset" 265
"../../../Engine/Content/EditorMaterials/MatineeGroups/MAT_Groups_Event.uasset" 266
"../../../Engine/Content/EditorMaterials/MatineeGroups/MAT_Groups_Fade.uasset" 267
"../../../Engine/Content/EditorMaterials/MatineeGroups/MAT_Groups_Float.uasset" 268
"../../../Engine/Content/EditorMaterials/MatineeGroups/MAT_Groups_Move.uasset" 269
"../../../Engine/Content/EditorMaterials/MatineeGroups/MAT_Groups_Slomo.uasset" 270
"../../../Engine/Content/EditorMaterials/MatineeGroups/MAT_Groups_Sound.uasset" 271
"../../../Engine/Content/EditorMaterials/MatineeGroups/MAT_Groups_Vector.uasset" 272
"../../../Engine/Content/EditorMaterials/ParticleSystems/PSysThumbnail_NoImage.uasset" 273
"../../../Engine/Content/EditorMaterials/ParticleSystems/PSysThumbnail_OOD.uasset" 274
"../../../Engine/Content/EditorMaterials/Camera/CineMat.uasset" 275
"../../../Engine/Content/EditorMaterials/Camera/MI_CineMat_Rig.uasset" 276
"../../../Engine/Content/EditorMeshes/Camera/SM_CraneRig_Arm.uasset" 277
"../../../Engine/Content/EditorMeshes/Camera/SM_CraneRig_Base.uasset" 278
"../../../Engine/Content/EditorMeshes/Camera/SM_CraneRig_Body.uasset" 279
"../../../Engine/Content/EditorMeshes/Camera/SM_CraneRig_Mount.uasset" 280
"../../../Engine/Content/EditorMeshes/Camera/SM_RailRig_Mount.uasset" 281
"../../../Engine/Content/EditorMeshes/Camera/SM_RailRig_Track.uasset" 282
"../../../Engine/Content/EditorResources/BSPVertex.uasset" 283
"../../../Engine/Content/EditorResources/EmptyActor.uasset" 284
"../../../Engine/Content/EditorResources/S_Actor.uasset" 285
"../../../Engine/Content/EditorResources/S_Note.uasset" 286
"../../../Engine/Content/EditorResources/S_Trigger.uasset" 287
"../../../Engine/Content/EditorResources/AudioIcons/S_AudioComponent.uasset" 288
"../../../Engine/Content/EditorResources/AudioIcons/S_AudioComponent_AutoActivate.uasset" 289
"../../../Engine/Content/EditorResources/LightIcons/S_LightError.uasset" 290
"../../../Engine/Content/EditorResources/SequenceRecorder/Countdown.uasset" 291
"../../../Engine/Content/EditorResources/SequenceRecorder/RecordingIndicator.uasset" 292
"../../../Engine/Content/EditorSounds/Notifications/CompileFailed.uasset" 293
"../../../Engine/Content/EditorSounds/Notifications/CompileFailed_Cue.uasset" 294
"../../../Engine/Content/EditorSounds/Notifications/CompileSuccess.uasset" 295
"../../../Engine/Content/EditorSounds/Notifications/CompileStart_Cue.uasset" 296
"../../../Engine/Content/EditorSounds/Notifications/CompileSuccess_Cue.uasset" 297
"../../../Engine/Content/EngineDamageTypes/DmgTypeBP_Environmental.uasset" 298
"../../../Engine/Content/EngineDebugMaterials/HeatmapGradient.uasset" 299
"../../../Engine/Content/EngineDebugMaterials/BoneWeightMaterial.uasset" 300
"../../../Engine/Content/EngineDebugMaterials/ClothMaterial.uasset" 301
"../../../Engine/Content/EngineDebugMaterials/ClothMaterial_WF.uasset" 302
"../../../Engine/Content/EngineDebugMaterials/DebugEditorMaterial.uasset" 303
"../../../Engine/Content/EngineDebugMaterials/DebugMeshMaterial.uasset" 304
"../../../Engine/Content/EngineDebugMaterials/GeomMaterial.uasset" 305
"../../../Engine/Content/EngineDebugMaterials/M_SimpleTranslucent.uasset" 306
"../../../Engine/Content/EngineFonts/Faces/RobotoBold.uasset" 307
"../../../Engine/Content/EngineFonts/Faces/RobotoBoldItalic.uasset" 308
"../../../Engine/Content/EngineFonts/Faces/RobotoItalic.uasset" 309
"../../../Engine/Content/EngineFonts/Faces/RobotoLight.uasset" 310
"../../../Engine/Content/EngineFonts/Faces/RobotoRegular.uasset" 311
"../../../Engine/Content/EngineFonts/Roboto.uasset" 312
"../../../Engine/Content/EngineFonts/Faces/RobotoTiny.uasset" 313
"../../../Engine/Content/EngineFonts/RobotoTiny.uasset" 314
"../../../Engine/Content/EngineMaterials/BaseFlattenDiffuseMap.uasset" 315
"../../../Engine/Content/EngineMaterials/BaseFlattenEmissiveMap.uasset" 316
"../../../Engine/Content/EngineMaterials/BaseFlattenGrayscaleMap.uasset" 317
"../../../Engine/Content/EngineMaterials/BaseFlattenNormalMap.uasset" 318
"../../../Engine/Content/EngineMaterials/BaseFlattenMaterial.uasset" 319
"../../../Engine/Content/EngineMaterials/DefaultBloomKernel.uasset" 320
"../../../Engine/Content/EngineMaterials/DefaultBokeh.uasset" 321
"../../../Engine/Content/EngineMaterials/DefaultDiffuse.uasset" 322
"../../../Engine/Content/EngineMaterials/DefaultDeferredDecalMaterial.uasset" 323
"../../../Engine/Content/EngineMaterials/DefaultLightFunctionMaterial.uasset" 324
"../../../Engine/Content/Functions/Engine_MaterialFunctions02/Utility/BreakOutFloat2Components.uasset" 325
"../../../Engine/Content/EngineMaterials/DefaultPostProcessMaterial.uasset" 326
"../../../Engine/Content/EngineFonts/RobotoDistanceField.uasset" 327
"../../../Engine/Content/EngineMaterials/DefaultTextMaterialOpaque.uasset" 328
"../../../Engine/Content/EngineMaterials/DefaultWhiteGrid.uasset" 329
"../../../Engine/Content/EngineMaterials/EditorBrushMaterial.uasset" 330
"../../../Engine/Content/EngineMaterials/Good64x64TilingNoiseHighFreq.uasset" 331
"../../../Engine/Content/EngineMaterials/MiniFont.uasset" 332
"../../../Engine/Content/EngineMaterials/InvalidLightmapSettings.uasset" 333
"../../../Engine/Content/EngineMaterials/M_InvalidLightmapSettings.uasset" 334
"../../../Engine/Content/Functions/Engine_MaterialFunctions02/WorldPositionOffset/CameraOffset.uasset" 335
"../../../Engine/Content/EngineMaterials/PhAT_JointLimitMaterial.uasset" 336
"../../../Engine/Content/EngineMaterials/PreintegratedSkinBRDF.uasset" 337
"../../../Engine/Content/EngineMaterials/RemoveSurfaceMaterial.uasset" 338
"../../../Engine/Content/EngineMaterials/WeightMapPlaceholderTexture.uasset" 339
"../../../Engine/Content/EngineResources/WhiteSquareTexture.uasset" 340
"../../../Engine/Content/EngineMaterials/Widget3DPassThrough.uasset" 341
"../../../Engine/Content/EngineMaterials/Widget3DPassThrough_Masked.uasset" 342
"../../../Engine/Content/EngineMaterials/Widget3DPassThrough_Opaque.uasset" 343
"../../../Engine/Content/EngineMaterials/Widget3DPassThrough_Masked_OneSided.uasset" 344
"../../../Engine/Content/EngineMaterials/Widget3DPassThrough_Opaque_OneSided.uasset" 345
"../../../Engine/Content/EngineMaterials/Widget3DPassThrough_Translucent.uasset" 346
"../../../Engine/Content/EngineMaterials/Widget3DPassThrough_Translucent_OneSided.uasset" 347
"../../../Engine/Content/EngineMeshes/Cylinder.uasset" 348
"../../../Engine/Content/EngineMeshes/Sphere.uasset" 349
"../../../Engine/Content/EngineResources/Black.uasset" 350
"../../../Engine/Content/EngineResources/DefaultTexture.uasset" 351
"../../../Engine/Content/EngineResources/DefaultTextureCube.uasset" 352
"../../../Engine/Content/EngineResources/DefaultVolumeTexture2D.uasset" 353
"../../../Engine/Content/EngineResources/DefaultVolumeTexture.uasset" 354
"../../../Engine/Content/EngineResources/GradientTexture0.uasset" 355
"../../../Engine/Content/EngineSounds/Master.uasset" 356
"../../../Engine/Content/Functions/Engine_MaterialFunctions01/Shading/ConvertFromDiffSpec.uasset" 357
"../../../Engine/Content/Functions/Engine_MaterialFunctions01/Shading/PowerToRoughness.uasset" 358
"../../../Engine/Content/Maps/Templates/Thumbnails/Default.uasset" 359
"../../../Engine/Content/Maps/Templates/Thumbnails/VR-Basic.uasset" 360
"../../../Engine/Content/MobileResources/T_MobileControls_texture.uasset" 361
"../../../Engine/Content/MobileResources/T_MobileMenu2.uasset" 362
"../../../Engine/Content/MobileResources/HUD/AnalogHat.uasset" 363
"../../../Engine/Content/MobileResources/HUD/VirtualJoystick_Background.uasset" 364
"../../../Engine/Content/MobileResources/HUD/VirtualJoystick_Thumb.uasset" 365
"../../../Engine/Content/MobileResources/HUD/DefaultVirtualJoysticks.uasset" 366
"../../../Engine/Content/MobileResources/HUD/LeftVirtualJoystickOnly.uasset" 367
"../../../Engine/Content/MobileResources/HUD/MobileHUDButton1_off.uasset" 368
"../../../Engine/Content/MobileResources/HUD/MobileHUDButton1_on.uasset" 369
"../../../Engine/Content/MobileResources/HUD/MobileHUDButton2_off.uasset" 370
"../../../Engine/Content/MobileResources/HUD/MobileHUDButton2_on.uasset" 371
"../../../Engine/Content/MobileResources/HUD/MobileHUDButton3.uasset" 372
"../../../Engine/Content/MobileResources/HUD/MobileHUDButtonFire.uasset" 373
"../../../Engine/Content/MobileResources/HUD/MobileHUDDirectionPad.uasset" 374
"../../../Engine/Content/MobileResources/HUD/MobileHUDDirectionPad2.uasset" 375
"../../../Engine/Content/MobileResources/HUD/MobileHUDDirectionPad3.uasset" 376
"../../../Engine/Content/MobileResources/HUD/MobileHUDDirectionStick.uasset" 377
"../../../Engine/Content/MobileResources/HUD/T_Castle_ThumbstickInner.uasset" 378
"../../../Engine/Content/MobileResources/HUD/T_Castle_ThumbstickOutter.uasset" 379
"../../../Engine/Content/Tutorial/ContentIntroCurve.uasset" 380
"../../../Engine/Content/Tutorial/Basics/LevelEditorAttract.uasset" 381
"../../../Engine/Content/Tutorial/Installation/InstallingVisualStudioTutorial.uasset" 382
"../../../Engine/Content/Tutorial/Landscape/TutorialAssets/Landscape.uasset" 383
"../../../Engine/Content/Tutorial/Landscape/LandscapeWalkThrough.uasset" 384
"../../../Engine/Content/Tutorial/Landscape/Landscape_Manage_Mode.uasset" 385
"../../../Engine/Content/Tutorial/Landscape/Landscape_Painting_Mode.uasset" 386
"../../../Engine/Content/Tutorial/Landscape/Landscape_Sculpt_Mode.uasset" 387
"../../../Engine/Content/VREditor/LaserPointer/VR_LaserPower_01.uasset" 388
"../../../Engine/Content/VREditor/TransformGizmo/TransformGizmoMaterial.uasset" 389
"../../../Engine/Content/VREditor/TransformGizmo/TranslucentTransformGizmoMaterial.uasset" 390
"../../../Engine/Content/VREditor/TransformGizmo/BoundingBoxCorner.uasset" 391
"../../../Engine/Content/VREditor/TransformGizmo/BoundingBoxEdge.uasset" 392
"../../../Engine/Content/VREditor/TransformGizmo/PlaneTranslationHandle.uasset" 393
"../../../Engine/Content/VREditor/TransformGizmo/Main.uasset" 394
"../../../Engine/Content/VREditor/TransformGizmo/Xray.uasset" 395
"../../../Engine/Content/VREditor/TransformGizmo/SM_Sequencer_Key.uasset" 396
"../../../Engine/Content/VREditor/TransformGizmo/SM_Sequencer_Node.uasset" 397
"../../Plugins/2D/Paper2D/Content/PlaceholderTextures/DummySpriteTexture.uasset" 398
"../../Plugins/2D/Paper2D/Content/DummySprite.uasset" 399
"../../Plugins/2D/Paper2D/Content/DefaultPaperTerrainMaterial.uasset" 400
"../../Plugins/2D/Paper2D/Content/DummySpriteTexture.uasset" 401
"../../Plugins/2D/Paper2D/Content/DefaultSpriteMaterial.uasset" 402
"../../Plugins/2D/Paper2D/Content/MaskedUnlitSpriteMaterial.uasset" 403
"../../Plugins/2D/Paper2D/Content/OpaqueUnlitSpriteMaterial.uasset" 404
"../../Plugins/Runtime/Oculus/OculusVR/Content/OculusMR_RenderTarget.uasset" 405
"../../../Engine/Content/Functions/Engine_MaterialFunctions02/Utility/BreakOutFloat4Components.uasset" 406
"../../../Engine/Content/Functions/Engine_MaterialFunctions02/Utility/MakeFloat2.uasset" 407
"../../../Engine/Content/Functions/Engine_MaterialFunctions02/Utility/MakeFloat3.uasset" 408
"../../Plugins/Runtime/Oculus/OculusVR/Content/Materials/OculusMR_ChromaKey.uasset" 409
"../../Plugins/Runtime/Oculus/OculusVR/Content/Materials/OculusMR_ChromaKey_Lit.uasset" 410
"../../Plugins/Runtime/Oculus/OculusVR/Content/Materials/OculusMR_OpaqueColoredMaterial.uasset" 411
"../../Plugins/Runtime/Oculus/OculusVR/Content/Materials/OculusMR_WhiteMaterial.uasset" 412
"../../Plugins/Runtime/Oculus/OculusVR/Content/Materials/PokeAHoleMaterial.uasset" 413
"../../Plugins/Runtime/Oculus/OculusVR/Content/Textures/GearVRController_AO.uasset" 414
"../../Plugins/Runtime/Oculus/OculusVR/Content/Textures/GearVRController_Color.uasset" 415
"../../Plugins/Runtime/Oculus/OculusVR/Content/Textures/GearVRController_Normal.uasset" 416
"../../Plugins/Runtime/Oculus/OculusVR/Content/Materials/GearVRControllerMaterial.uasset" 417
"../../Plugins/Runtime/Oculus/OculusVR/Content/Meshes/GearVrController.uasset" 418
"../../Plugins/Runtime/Oculus/OculusVR/Content/Textures/touchController_albedo.uasset" 419
"../../Plugins/Runtime/Oculus/OculusVR/Content/Textures/touchController_controlmap.uasset" 420
"../../Plugins/Runtime/Oculus/OculusVR/Content/Materials/touchController_mat.uasset" 421
"../../Plugins/Runtime/Oculus/OculusVR/Content/Meshes/LeftTouchController.uasset" 422
"../../Plugins/Runtime/Oculus/OculusVR/Content/Meshes/RiftHMD.uasset" 423
"../../Plugins/Runtime/Oculus/OculusVR/Content/Meshes/RightTouchController.uasset" 424
"../../../Engine/Content/EngineSky/C_Sky_Cloud_Color.uasset" 425
"../../../Engine/Content/EngineSky/C_Sky_Horizon_Color.uasset" 426
"../../../Engine/Content/EngineSky/C_Sky_Zenith_Color.uasset" 427
"../../../Engine/Content/EngineSky/T_Sky_Blue.uasset" 428
"../../../Engine/Content/EngineSky/T_Sky_Clouds_M.uasset" 429
"../../../Engine/Content/EngineSky/T_Sky_Stars.uasset" 430
"../../../Engine/Content/EngineSky/M_Sky_Panning_Clouds2.uasset" 431
"../../../Engine/Content/EngineSky/SM_SkySphere.uasset" 432
"../../../Engine/Content/EngineSky/BP_Sky_Sphere.uasset" 433
"../../../../../ultra/Documents/GitHub/Isolation-uProject/Content/Blueprints/Flashlight.uasset" 434
"../../../../../ultra/Documents/GitHub/Isolation-uProject/Content/Blueprints/Knife.uasset" 435
"../../../../../ultra/Documents/GitHub/Isolation-uProject/Content/StarterContent/Textures/T_MacroVariation.uasset" 436
"../../../../../ultra/Documents/GitHub/Isolation-uProject/Content/StarterContent/Textures/T_Wood_Oak_D.uasset" 437
"../../../../../ultra/Documents/GitHub/Isolation-uProject/Content/StarterContent/Textures/T_Wood_Oak_N.uasset" 438
"../../../../../ultra/Documents/GitHub/Isolation-uProject/Content/StarterContent/Materials/M_Wood_Oak.uasset" 439
"../../../../../ultra/Documents/GitHub/Isolation-uProject/Content/StarterContent/Shapes/Shape_Cube.uasset" 440
"../../../../../ultra/Documents/GitHub/Isolation-uProject/Content/Desk/Desk.uasset" 441
"../../../../../ultra/Documents/GitHub/Isolation-uProject/Content/Mesh/Door_3.uasset" 442
"../../../../../ultra/Documents/GitHub/Isolation-uProject/Content/Door_blueprint/Door_out_blueprint.uasset" 443
"../../../../../ultra/Documents/GitHub/Isolation-uProject/Content/StarterContent/Textures/T_Frame_M.uasset" 444
"../../../../../ultra/Documents/GitHub/Isolation-uProject/Content/StarterContent/Textures/T_Frame_N.uasset" 445
"../../../../../ultra/Documents/GitHub/Isolation-uProject/Content/StarterContent/Props/Materials/M_Frame.uasset" 446
"../../../../../ultra/Documents/GitHub/Isolation-uProject/Content/StarterContent/Props/SM_DoorFrame.uasset" 447
"../../../../../ultra/Documents/GitHub/Isolation-uProject/Content/Door_blueprint/SM_DoorFrame_Blueprint.uasset" 448
"../../../../../ultra/Documents/GitHub/Isolation-uProject/Content/FirstPerson/Textures/FirstPersonCrosshair.uasset" 449
"../../../../../ultra/Documents/GitHub/Isolation-uProject/Content/FirstPersonBP/Blueprints/FirstPersonHUD.uasset" 450
"../../../../../ultra/Documents/GitHub/Isolation-uProject/Content/FirstPersonBP/Blueprints/FirstPersonGameMode.uasset" 451
"../../../../../ultra/Documents/GitHub/Isolation-uProject/Content/Mesh/book.uasset" 452
"../../../../../ultra/Documents/GitHub/Isolation-uProject/Content/Mesh/lambert1.uasset" 453
"../../../../../ultra/Documents/GitHub/Isolation-uProject/Content/Mesh/pCube1_1.uasset" 454
"../../../../../ultra/Documents/GitHub/Isolation-uProject/Content/Mesh/FbxScene_book.uasset" 455
"../../../../../ultra/Documents/GitHub/Isolation-uProject/Content/Mesh/bottle.uasset" 456
"../../../../../ultra/Documents/GitHub/Isolation-uProject/Content/Mesh/pCylinder1.uasset" 457
"../../../../../ultra/Documents/GitHub/Isolation-uProject/Content/Mesh/FbxScene_bottle.uasset" 458
"../../../../../ultra/Documents/GitHub/Isolation-uProject/Content/Mesh/box.uasset" 459
"../../../../../ultra/Documents/GitHub/Isolation-uProject/Content/Mesh/boxuv-done.uasset" 460
"../../../../../ultra/Documents/GitHub/Isolation-uProject/Content/Mesh/carboardbox.uasset" 461
"../../../../../ultra/Documents/GitHub/Isolation-uProject/Content/Mesh/polySurface239.uasset" 462
"../../../../../ultra/Documents/GitHub/Isolation-uProject/Content/Mesh/FbxScene_box.uasset" 463
"../../../../../ultra/Documents/GitHub/Isolation-uProject/Content/Mesh/key.uasset" 464
"../../../../../ultra/Documents/GitHub/Isolation-uProject/Content/Mesh/pTorus1.uasset" 465
"../../../../../ultra/Documents/GitHub/Isolation-uProject/Content/Mesh/FbxScene_key.uasset" 466
"../../../../../ultra/Documents/GitHub/Isolation-uProject/Content/Levels/Cabin_BuiltData.uasset" 467
"../../../../../ultra/Documents/GitHub/Isolation-uProject/Content/Images/unknown.uasset" 468
"../../../../../ultra/Documents/GitHub/Isolation-uProject/Content/Images/unknown_Mat.uasset" 469
"../../../../../ultra/Documents/GitHub/Isolation-uProject/Content/Mesh/Telescope/band4-done.uasset" 470
"../../../../../ultra/Documents/GitHub/Isolation-uProject/Content/Mesh/Telescope/Key-done.uasset" 471
"../../../../../ultra/Documents/GitHub/Isolation-uProject/Content/Mesh/Telescope/gold.uasset" 472
"../../../../../ultra/Documents/GitHub/Isolation-uProject/Content/Mesh/Telescope/telescope_DefaultMaterial_AlbedoTransparency.uasset" 473
"../../../../../ultra/Documents/GitHub/Isolation-uProject/Content/Mesh/Telescope/telescope_DefaultMaterial_MetallicSmoothness.uasset" 474
"../../../../../ultra/Documents/GitHub/Isolation-uProject/Content/Mesh/Telescope/telescope_DefaultMaterial_Normal.uasset" 475
"../../../../../ultra/Documents/GitHub/Isolation-uProject/Content/Mesh/Telescope/Tele-mat.uasset" 476
"../../../../../ultra/Documents/GitHub/Isolation-uProject/Content/Snow/Mat_Snow_land/Snow_4K_Albedo.uasset" 477
"../../../../../ultra/Documents/GitHub/Isolation-uProject/Content/Snow/Mat_Snow_land/Snow_4K_Displacement.uasset" 478
"../../../../../ultra/Documents/GitHub/Isolation-uProject/Content/Snow/Mat_Snow_land/Snow_4K_Metalness.uasset" 479
"../../../../../ultra/Documents/GitHub/Isolation-uProject/Content/Snow/Mat_Snow_land/Snow_4K_Normal.uasset" 480
"../../../../../ultra/Documents/GitHub/Isolation-uProject/Content/Snow/Mat_Snow_land/Snow_4K_Roughness.uasset" 481
"../../../../../ultra/Documents/GitHub/Isolation-uProject/Content/Snow/Mat_Snow_land/Snow_Landscape.uasset" 482
"../../../Engine/Content/EngineMaterials/DefaultPhysicalMaterial.uasset" 483
"../../../../../ultra/Documents/GitHub/Isolation-uProject/Content/Mesh/Beams.uasset" 484
"../../../../../ultra/Documents/GitHub/Isolation-uProject/Content/Mesh/Ceiling_2.uasset" 485
"../../../../../ultra/Documents/GitHub/Isolation-uProject/Content/Mesh/Door_2.uasset" 486
"../../../../../ultra/Documents/GitHub/Isolation-uProject/Content/Mesh/Double_Door.uasset" 487
"../../../../../ultra/Documents/GitHub/Isolation-uProject/Content/Mesh/Double_Wall.uasset" 488
"../../../../../ultra/Documents/GitHub/Isolation-uProject/Content/Mesh/Floor.uasset" 489
"../../../../../ultra/Documents/GitHub/Isolation-uProject/Content/Mesh/Full.uasset" 490
"../../../../../ultra/Documents/GitHub/Isolation-uProject/Content/Mesh/Half_Wall.uasset" 491
"../../../../../ultra/Documents/GitHub/Isolation-uProject/Content/Mesh/Sign/Sign_Low2_lambert1_BaseColor.uasset" 492
"../../../../../ultra/Documents/GitHub/Isolation-uProject/Content/Mesh/Sign/Sign_Low2_lambert1_Normal.uasset" 493
"../../../../../ultra/Documents/GitHub/Isolation-uProject/Content/Mesh/Sign/Sign_Low2_lambert1_OcclusionRoughnessMetallic.uasset" 494
"../../../../../ultra/Documents/GitHub/Isolation-uProject/Content/Mesh/Sign/lambert1.uasset" 495
"../../../../../ultra/Documents/GitHub/Isolation-uProject/Content/Mesh/Sign/Sign_Low.uasset" 496
"../../../../../ultra/Documents/GitHub/Isolation-uProject/Content/Mesh/Textures/Tree_Low_Export1_initialShadingGroup_BaseColor.uasset" 497
"../../../../../ultra/Documents/GitHub/Isolation-uProject/Content/Mesh/Textures/Tree_Low_Export1_initialShadingGroup_Normal.uasset" 498
"../../../../../ultra/Documents/GitHub/Isolation-uProject/Content/Mesh/Textures/Tree_Low_Export1_initialShadingGroup_OcclusionRoughnessMetallic.uasset" 499
"../../../../../ultra/Documents/GitHub/Isolation-uProject/Content/Mesh/Materials/Tree_Mat.uasset" 500
"../../../../../ultra/Documents/GitHub/Isolation-uProject/Content/Mesh/Tree1_Low.uasset" 501
"../../../../../ultra/Documents/GitHub/Isolation-uProject/Content/Mesh/Triangle_Wall.uasset" 502
"../../../../../ultra/Documents/GitHub/Isolation-uProject/Content/Mesh/wall.uasset" 503
"../../../../../ultra/Documents/GitHub/Isolation-uProject/Content/Mesh/window.uasset" 504
"../../../../../ultra/Documents/GitHub/Isolation-uProject/Content/StarterContent/Textures/T_Lamp_M.uasset" 505
"../../../../../ultra/Documents/GitHub/Isolation-uProject/Content/StarterContent/Textures/T_Lamp_N.uasset" 506
"../../../../../ultra/Documents/GitHub/Isolation-uProject/Content/StarterContent/Props/Materials/M_Lamp.uasset" 507
"../../../../../ultra/Documents/GitHub/Isolation-uProject/Content/StarterContent/Props/SM_Lamp_Ceiling.uasset" 508
"../../../../../ultra/Documents/GitHub/Isolation-uProject/Content/Levels/Cabin.umap" 509
"../../../../../ultra/Documents/GitHub/Isolation-uProject/Content/Levels/Landscape_BuiltData.uasset" 510
"../../../Engine/Content/Functions/Engine_MaterialFunctions01/Texturing/FlattenNormal.uasset" 511
"../../../Engine/Content/EngineMaterials/BlendFunc_DefBase.uasset" 512
"../../../Engine/Content/EngineMaterials/BlendFunc_DefBlend.uasset" 513
"../../../Engine/Content/Functions/Engine_MaterialFunctions03/Blends/Blend_Overlay.uasset" 514
"../../../Engine/Content/EngineVolumetrics/Fogsheet/Materials/T_EV_BlankWhite_01.uasset" 515
"../../../../../ultra/Documents/GitHub/Isolation-uProject/Content/MSPresets/MSTextures/Albedo.uasset" 516
"../../../../../ultra/Documents/GitHub/Isolation-uProject/Content/MSPresets/MSTextures/Normal.uasset" 517
"../../../../../ultra/Documents/GitHub/Isolation-uProject/Content/MSPresets/MSTextures/Roughness.uasset" 518
"../../../../../ultra/Documents/GitHub/Isolation-uProject/Content/MSPresets/MS_DefaultMaterial/MS_DefaultMaterial.uasset" 519
"../../../../../ultra/Documents/GitHub/Isolation-uProject/Content/Ice_material/Ice_00/Ice_4K_Albedo.uasset" 520
"../../../../../ultra/Documents/GitHub/Isolation-uProject/Content/Ice_material/Ice_00/Ice_4K_Normal.uasset" 521
"../../../../../ultra/Documents/GitHub/Isolation-uProject/Content/Ice_material/Ice_00/Ice_4K_Roughness.uasset" 522
"../../../../../ultra/Documents/GitHub/Isolation-uProject/Content/Ice_material/Ice_00/Ice_00_inst.uasset" 523
"../../../Engine/Content/BasicShapes/Plane.uasset" 524
"../../../../../ultra/Documents/GitHub/Isolation-uProject/Content/Mesh/Rock1_Low.uasset" 525
"../../../../../ultra/Documents/GitHub/Isolation-uProject/Content/Levels/Landscape.umap" 526
"../../../../../ultra/Documents/GitHub/Isolation-uProject/Content/Levels/MainMenuScene_BuiltData.uasset" 527
"../../../../../ultra/Documents/GitHub/Isolation-uProject/Content/Mesh/Textures/Rock1_Low_initialShadingGroup_BaseColor.uasset" 528
"../../../../../ultra/Documents/GitHub/Isolation-uProject/Content/Mesh/Textures/Rock1_Low_initialShadingGroup_Normal.uasset" 529
"../../../../../ultra/Documents/GitHub/Isolation-uProject/Content/Mesh/Textures/Rock1_Low_initialShadingGroup_OcclusionRoughnessMetallic.uasset" 530
"../../../../../ultra/Documents/GitHub/Isolation-uProject/Content/Mesh/Materials/Rock1_Low1Mat.uasset" 531
"../../../../../ultra/Documents/GitHub/Isolation-uProject/Content/Sounds/IsolationGameFin.uasset" 532
"../../../../../ultra/Documents/GitHub/Isolation-uProject/Content/UI/MainMenu/Menu.uasset" 533
"../../../../../ultra/Documents/GitHub/Isolation-uProject/Content/Levels/MainMenuScene.umap" 534
"../../../../../ultra/Documents/GitHub/Isolation-uProject/Content/Snow/Snowtrail/MaskUV.uasset" 535
"../../../../../ultra/Documents/GitHub/Isolation-uProject/Content/Snow/Snowtrail/RenderTarget.uasset" 536
"../../../../../ultra/Documents/GitHub/Isolation-uProject/Content/Snow/Snowtrail/Drawtopersistent.uasset" 537
"../../../../../ultra/Documents/GitHub/Isolation-uProject/Content/Snow/Snowtrail/RenderTargetpersis.uasset" 538
"../../../../../ultra/Documents/GitHub/Isolation-uProject/Content/Snow/Snowtrail/Mat_Depth.uasset" 539
"../../../../../ultra/Documents/GitHub/Isolation-uProject/Content/Snow/Snowtrail/SnowMpc.uasset" 540
"../../../../../ultra/Documents/GitHub/Isolation-uProject/Content/Snow/Snowtrail/RenderTarget_bp.uasset" 541
"../../../../../ultra/Documents/GitHub/Isolation-uProject/Content/Levels/snow-test_BuiltData.uasset" 542
"../../../../../ultra/Documents/GitHub/Isolation-uProject/Content/Snow/Snowtrail/Snow_Mat.uasset" 543
"../../../../../ultra/Documents/GitHub/Isolation-uProject/Content/Levels/snow-test.umap" 544
"../../../../../ultra/Documents/GitHub/Isolation-uProject/Content/StarterContent/Blueprints/Assets/FogBrightnessLUT.uasset" 545
"../../../../../ultra/Documents/GitHub/Isolation-uProject/Content/StarterContent/Blueprints/Assets/SunlightColorLUT.uasset" 546
"../../../../../ultra/Documents/GitHub/Isolation-uProject/Content/StarterContent/Blueprints/Assets/M_LightStage_Arrows.uasset" 547
"../../../../../ultra/Documents/GitHub/Isolation-uProject/Content/StarterContent/Blueprints/Assets/M_LightStage_Skybox_Master.uasset" 548
"../../../../../ultra/Documents/GitHub/Isolation-uProject/Content/StarterContent/Blueprints/Assets/M_LightStage_Skybox_Black.uasset" 549
"../../../../../ultra/Documents/GitHub/Isolation-uProject/Content/StarterContent/Blueprints/Assets/M_LightStage_Skybox_HDRI.uasset" 550
"../../../Engine/Content/EditorMaterials/Thumbnails/SkySphereMaterial.uasset" 551
"../../../../../ultra/Documents/GitHub/Isolation-uProject/Content/StarterContent/Blueprints/Assets/Skybox.uasset" 552
"../../../../../ultra/Documents/GitHub/Isolation-uProject/Content/StarterContent/Blueprints/Assets/SM_Arrows.uasset" 553
"../../../../../ultra/Documents/GitHub/Isolation-uProject/Content/StarterContent/HDRI/HDRI_Epic_Courtyard_Daylight.uasset" 554
"../../../../../ultra/Documents/GitHub/Isolation-uProject/Content/StarterContent/Blueprints/BP_LightStudio.uasset" 555
"../../../../../ultra/Documents/GitHub/Isolation-uProject/Content/StarterContent/Maps/Advanced_Lighting_BuiltData.uasset" 556
"../../../../../ultra/Documents/GitHub/Isolation-uProject/Content/StarterContent/Materials/M_AssetPlatform.uasset" 557
"../../../Engine/Content/EditorMeshes/ColorCalibrator/M_ChromeBall.uasset" 558
"../../../Engine/Content/EditorMeshes/ColorCalibrator/M_ClearCoat.uasset" 559
"../../../Engine/Content/EditorMeshes/ColorCalibrator/M_ClearCoatBlack.uasset" 560
"../../../Engine/Content/EditorMeshes/ColorCalibrator/Color_checker.uasset" 561
"../../../Engine/Content/EditorMeshes/ColorCalibrator/M_ColorGrid.uasset" 562
"../../../Engine/Content/EditorMeshes/ColorCalibrator/M_GreyBall.uasset" 563
"../../../Engine/Content/EditorMeshes/ColorCalibrator/SM_ColorCalibrator.uasset" 564
"../../../../../ultra/Documents/GitHub/Isolation-uProject/Content/StarterContent/Architecture/SM_AssetPlatform.uasset" 565
"../../../../../ultra/Documents/GitHub/Isolation-uProject/Content/StarterContent/Maps/Advanced_Lighting.umap" 566
"../../../../../ultra/Documents/GitHub/Isolation-uProject/Content/StarterContent/Maps/Minimal_Default_BuiltData.uasset" 567
"../../../../../ultra/Documents/GitHub/Isolation-uProject/Content/StarterContent/Materials/M_Metal_Brushed_Nickel.uasset" 568
"../../../../../ultra/Documents/GitHub/Isolation-uProject/Content/StarterContent/Textures/T_Metal_Aluminum_D.uasset" 569
"../../../../../ultra/Documents/GitHub/Isolation-uProject/Content/StarterContent/Textures/T_Metal_Gold_N.uasset" 570
"../../../../../ultra/Documents/GitHub/Isolation-uProject/Content/StarterContent/Materials/M_Metal_Burnished_Steel.uasset" 571
"../../../../../ultra/Documents/GitHub/Isolation-uProject/Content/StarterContent/Textures/T_Metal_Copper_D.uasset" 572
"../../../../../ultra/Documents/GitHub/Isolation-uProject/Content/StarterContent/Materials/M_Metal_Copper.uasset" 573
"../../../../../ultra/Documents/GitHub/Isolation-uProject/Content/StarterContent/Textures/T_Statue_M.uasset" 574
"../../../../../ultra/Documents/GitHub/Isolation-uProject/Content/StarterContent/Textures/T_Statue_N.uasset" 575
"../../../../../ultra/Documents/GitHub/Isolation-uProject/Content/StarterContent/Props/Materials/M_StatueGlass.uasset" 576
"../../../../../ultra/Documents/GitHub/Isolation-uProject/Content/StarterContent/Architecture/Floor_400x400.uasset" 577
"../../../../../ultra/Documents/GitHub/Isolation-uProject/Content/StarterContent/Audio/Starter_Background_Cue.uasset" 578
"../../../../../ultra/Documents/GitHub/Isolation-uProject/Content/StarterContent/Props/SM_Chair.uasset" 579
"../../../../../ultra/Documents/GitHub/Isolation-uProject/Content/StarterContent/Props/Materials/M_Statue.uasset" 580
"../../../../../ultra/Documents/GitHub/Isolation-uProject/Content/StarterContent/Props/SM_Statue.uasset" 581
"../../../../../ultra/Documents/GitHub/Isolation-uProject/Content/StarterContent/Textures/T_TableRound_M.uasset" 582
"../../../../../ultra/Documents/GitHub/Isolation-uProject/Content/StarterContent/Textures/T_TableRound_N.uasset" 583
"../../../../../ultra/Documents/GitHub/Isolation-uProject/Content/StarterContent/Props/Materials/M_TableRound.uasset" 584
"../../../../../ultra/Documents/GitHub/Isolation-uProject/Content/StarterContent/Props/SM_TableRound.uasset" 585
"../../../../../ultra/Documents/GitHub/Isolation-uProject/Content/StarterContent/Maps/Minimal_Default.umap" 586
"../../../../../ultra/Documents/GitHub/Isolation-uProject/Content/StarterContent/Audio/Fire01_Cue.uasset" 587
"../../../../../ultra/Documents/GitHub/Isolation-uProject/Content/StarterContent/Textures/T_Fire_SubUV.uasset" 588
"../../../../../ultra/Documents/GitHub/Isolation-uProject/Content/StarterContent/Textures/T_Fire_Tiled_D.uasset" 589
"../../../../../ultra/Documents/GitHub/Isolation-uProject/Content/StarterContent/Particles/Materials/M_Fire_SubUV.uasset" 590
"../../../../../ultra/Documents/GitHub/Isolation-uProject/Content/StarterContent/Textures/T_Water_N.uasset" 591
"../../../../../ultra/Documents/GitHub/Isolation-uProject/Content/StarterContent/Particles/Materials/M_Heat_Distortion.uasset" 592
"../../../../../ultra/Documents/GitHub/Isolation-uProject/Content/StarterContent/Particles/Materials/M_Radial_Gradient.uasset" 593
"../../../../../ultra/Documents/GitHub/Isolation-uProject/Content/StarterContent/Particles/P_Fire.uasset" 594
"../../../../../ultra/Documents/GitHub/Isolation-uProject/Content/StarterContent/Blueprints/Blueprint_Effect_Fire.uasset" 595
"../../../../../ultra/Documents/GitHub/Isolation-uProject/Content/StarterContent/Audio/Smoke01_Cue.uasset" 596
"../../../../../ultra/Documents/GitHub/Isolation-uProject/Content/StarterContent/Particles/P_Smoke.uasset" 597
"../../../../../ultra/Documents/GitHub/Isolation-uProject/Content/StarterContent/Blueprints/Blueprint_Effect_Smoke.uasset" 598
"../../../../../ultra/Documents/GitHub/Isolation-uProject/Content/StarterContent/Audio/Fire_Sparks01_Cue.uasset" 599
"../../../../../ultra/Documents/GitHub/Isolation-uProject/Content/StarterContent/Textures/T_Spark_Core.uasset" 600
"../../../../../ultra/Documents/GitHub/Isolation-uProject/Content/StarterContent/Particles/Materials/M_Spark.uasset" 601
"../../../../../ultra/Documents/GitHub/Isolation-uProject/Content/StarterContent/Particles/P_Sparks.uasset" 602
"../../../../../ultra/Documents/GitHub/Isolation-uProject/Content/StarterContent/Blueprints/Blueprint_Effect_Sparks.uasset" 603
"../../../../../ultra/Documents/GitHub/Isolation-uProject/Content/StarterContent/Audio/Steam01_Cue.uasset" 604
"../../../../../ultra/Documents/GitHub/Isolation-uProject/Content/StarterContent/Particles/P_Steam_Lit.uasset" 605
"../../../../../ultra/Documents/GitHub/Isolation-uProject/Content/StarterContent/Blueprints/Blueprint_Effect_Steam.uasset" 606
"../../../../../ultra/Documents/GitHub/Isolation-uProject/Content/StarterContent/Blueprints/Blueprint_CeilingLight.uasset" 607
"../../../../../ultra/Documents/GitHub/Isolation-uProject/Content/StarterContent/Props/SM_Lamp_Wall.uasset" 608
"../../../../../ultra/Documents/GitHub/Isolation-uProject/Content/StarterContent/Blueprints/Blueprint_WallSconce.uasset" 609
"../../../../../ultra/Documents/GitHub/Isolation-uProject/Content/StarterContent/Maps/StarterMap_BuiltData.uasset" 610
"../../../Engine/Content/Functions/Engine_MaterialFunctions03/Procedurals/ComputeFilterWidth.uasset" 611
"../../../Engine/Content/EngineMaterials/AntiAliasedTextMaterialTranslucent.uasset" 612
"../../../../../ultra/Documents/GitHub/Isolation-uProject/Content/StarterContent/Textures/T_Brick_Clay_Beveled_D.uasset" 613
"../../../../../ultra/Documents/GitHub/Isolation-uProject/Content/StarterContent/Textures/T_Brick_Clay_Beveled_M.uasset" 614
"../../../../../ultra/Documents/GitHub/Isolation-uProject/Content/StarterContent/Textures/T_Brick_Clay_Beveled_N.uasset" 615
"../../../../../ultra/Documents/GitHub/Isolation-uProject/Content/StarterContent/Materials/M_Brick_Clay_Beveled.uasset" 616
"../../../../../ultra/Documents/GitHub/Isolation-uProject/Content/StarterContent/Textures/T_Brick_Clay_New_D.uasset" 617
"../../../../../ultra/Documents/GitHub/Isolation-uProject/Content/StarterContent/Textures/T_Brick_Clay_New_M.uasset" 618
"../../../../../ultra/Documents/GitHub/Isolation-uProject/Content/StarterContent/Textures/T_Brick_Clay_New_N.uasset" 619
"../../../../../ultra/Documents/GitHub/Isolation-uProject/Content/StarterContent/Materials/M_Brick_Clay_New.uasset" 620
"../../../../../ultra/Documents/GitHub/Isolation-uProject/Content/StarterContent/Textures/T_Brick_Clay_Old_D.uasset" 621
"../../../../../ultra/Documents/GitHub/Isolation-uProject/Content/StarterContent/Textures/T_Brick_Clay_Old_N.uasset" 622
"../../../../../ultra/Documents/GitHub/Isolation-uProject/Content/StarterContent/Materials/M_Brick_Clay_Old.uasset" 623
"../../../../../ultra/Documents/GitHub/Isolation-uProject/Content/StarterContent/Textures/T_Brick_Cut_Stone_D.uasset" 624
"../../../../../ultra/Documents/GitHub/Isolation-uProject/Content/StarterContent/Textures/T_Brick_Cut_Stone_N.uasset" 625
"../../../../../ultra/Documents/GitHub/Isolation-uProject/Content/StarterContent/Materials/M_Brick_Cut_Stone.uasset" 626
"../../../../../ultra/Documents/GitHub/Isolation-uProject/Content/StarterContent/Textures/T_Brick_Hewn_Stone_D.uasset" 627
"../../../../../ultra/Documents/GitHub/Isolation-uProject/Content/StarterContent/Textures/T_Brick_Hewn_Stone_M.uasset" 628
"../../../../../ultra/Documents/GitHub/Isolation-uProject/Content/StarterContent/Textures/T_Brick_Hewn_Stone_N.uasset" 629
"../../../../../ultra/Documents/GitHub/Isolation-uProject/Content/StarterContent/Materials/M_Brick_Hewn_Stone.uasset" 630
"../../../../../ultra/Documents/GitHub/Isolation-uProject/Content/StarterContent/Textures/T_Ceramic_Tile_M.uasset" 631
"../../../../../ultra/Documents/GitHub/Isolation-uProject/Content/StarterContent/Textures/T_Ceramic_Tile_N.uasset" 632
"../../../../../ultra/Documents/GitHub/Isolation-uProject/Content/StarterContent/Textures/T_Rock_Marble_Polished_D.uasset" 633
"../../../../../ultra/Documents/GitHub/Isolation-uProject/Content/StarterContent/Materials/M_Ceramic_Tile_Checker.uasset" 634
"../../../../../ultra/Documents/GitHub/Isolation-uProject/Content/StarterContent/Textures/T_CobbleStone_Pebble_D.uasset" 635
"../../../../../ultra/Documents/GitHub/Isolation-uProject/Content/StarterContent/Textures/T_CobbleStone_Pebble_M.uasset" 636
"../../../../../ultra/Documents/GitHub/Isolation-uProject/Content/StarterContent/Textures/T_CobbleStone_Pebble_N.uasset" 637
"../../../../../ultra/Documents/GitHub/Isolation-uProject/Content/StarterContent/Materials/M_CobbleStone_Pebble.uasset" 638
"../../../../../ultra/Documents/GitHub/Isolation-uProject/Content/StarterContent/Textures/T_CobbleStone_Rough_D.uasset" 639
"../../../../../ultra/Documents/GitHub/Isolation-uProject/Content/StarterContent/Textures/T_CobbleStone_Rough_N.uasset" 640
"../../../../../ultra/Documents/GitHub/Isolation-uProject/Content/StarterContent/Textures/T_Gradinet_01.uasset" 641
"../../../../../ultra/Documents/GitHub/Isolation-uProject/Content/StarterContent/Textures/T_Rock_Smooth_Granite_D.uasset" 642
"../../../../../ultra/Documents/GitHub/Isolation-uProject/Content/StarterContent/Materials/M_CobbleStone_Rough.uasset" 643
"../../../../../ultra/Documents/GitHub/Isolation-uProject/Content/StarterContent/Textures/T_CobbleStone_Smooth_D.uasset" 644
"../../../../../ultra/Documents/GitHub/Isolation-uProject/Content/StarterContent/Textures/T_CobbleStone_Smooth_M.uasset" 645
"../../../../../ultra/Documents/GitHub/Isolation-uProject/Content/StarterContent/Textures/T_CobbleStone_Smooth_N.uasset" 646
"../../../../../ultra/Documents/GitHub/Isolation-uProject/Content/StarterContent/Materials/M_CobbleStone_Smooth.uasset" 647
"../../../../../ultra/Documents/GitHub/Isolation-uProject/Content/StarterContent/Textures/T_Concrete_Grime_D.uasset" 648
"../../../../../ultra/Documents/GitHub/Isolation-uProject/Content/StarterContent/Textures/T_Metal_Rust_N.uasset" 649
"../../../../../ultra/Documents/GitHub/Isolation-uProject/Content/StarterContent/Materials/M_Concrete_Grime.uasset" 650
"../../../../../ultra/Documents/GitHub/Isolation-uProject/Content/StarterContent/Textures/T_Concrete_Panels_D.uasset" 651
"../../../../../ultra/Documents/GitHub/Isolation-uProject/Content/StarterContent/Textures/T_Concrete_Panels_N.uasset" 652
"../../../../../ultra/Documents/GitHub/Isolation-uProject/Content/StarterContent/Materials/M_Concrete_Panels.uasset" 653
"../../../../../ultra/Documents/GitHub/Isolation-uProject/Content/StarterContent/Textures/T_Concrete_Poured_D.uasset" 654
"../../../../../ultra/Documents/GitHub/Isolation-uProject/Content/StarterContent/Textures/T_Concrete_Poured_N.uasset" 655
"../../../../../ultra/Documents/GitHub/Isolation-uProject/Content/StarterContent/Materials/M_Concrete_Poured.uasset" 656
"../../../../../ultra/Documents/GitHub/Isolation-uProject/Content/StarterContent/Textures/T_Concrete_Tiles_D.uasset" 657
"../../../../../ultra/Documents/GitHub/Isolation-uProject/Content/StarterContent/Textures/T_Concrete_Tiles_M.uasset" 658
"../../../../../ultra/Documents/GitHub/Isolation-uProject/Content/StarterContent/Textures/T_Concrete_Tiles_N.uasset" 659
"../../../../../ultra/Documents/GitHub/Isolation-uProject/Content/StarterContent/Textures/T_Concrete_Tiles_Variation_M.uasset" 660
"../../../../../ultra/Documents/GitHub/Isolation-uProject/Content/StarterContent/Materials/M_Concrete_Tiles.uasset" 661
"../../../../../ultra/Documents/GitHub/Isolation-uProject/Content/StarterContent/Textures/T_Ground_Grass_D.uasset" 662
"../../../../../ultra/Documents/GitHub/Isolation-uProject/Content/StarterContent/Textures/T_Ground_Grass_N.uasset" 663
"../../../../../ultra/Documents/GitHub/Isolation-uProject/Content/StarterContent/Materials/M_Ground_Grass.uasset" 664
"../../../../../ultra/Documents/GitHub/Isolation-uProject/Content/StarterContent/Textures/T_Ground_Gravel_D.uasset" 665
"../../../../../ultra/Documents/GitHub/Isolation-uProject/Content/StarterContent/Textures/T_Ground_Gravel_N.uasset" 666
"../../../../../ultra/Documents/GitHub/Isolation-uProject/Content/StarterContent/Materials/M_Ground_Gravel.uasset" 667
"../../../../../ultra/Documents/GitHub/Isolation-uProject/Content/StarterContent/Textures/T_ground_Moss_D.uasset" 668
"../../../../../ultra/Documents/GitHub/Isolation-uProject/Content/StarterContent/Textures/T_Ground_Moss_N.uasset" 669
"../../../../../ultra/Documents/GitHub/Isolation-uProject/Content/StarterContent/Materials/M_Ground_Moss.uasset" 670
"../../../../../ultra/Documents/GitHub/Isolation-uProject/Content/StarterContent/Materials/M_Metal_Chrome.uasset" 671
"../../../../../ultra/Documents/GitHub/Isolation-uProject/Content/StarterContent/Textures/T_Metal_Gold_D.uasset" 672
"../../../../../ultra/Documents/GitHub/Isolation-uProject/Content/StarterContent/Materials/M_Metal_Gold.uasset" 673
"../../../../../ultra/Documents/GitHub/Isolation-uProject/Content/StarterContent/Textures/T_Metal_Rust_D.uasset" 674
"../../../../../ultra/Documents/GitHub/Isolation-uProject/Content/StarterContent/Materials/M_Metal_Rust.uasset" 675
"../../../../../ultra/Documents/GitHub/Isolation-uProject/Content/StarterContent/Textures/T_Metal_Steel_D.uasset" 676
"../../../../../ultra/Documents/GitHub/Isolation-uProject/Content/StarterContent/Textures/T_Metal_Steel_N.uasset" 677
"../../../../../ultra/Documents/GitHub/Isolation-uProject/Content/StarterContent/Materials/M_Metal_Steel.uasset" 678
"../../../../../ultra/Documents/GitHub/Isolation-uProject/Content/StarterContent/Textures/T_Rock_Basalt_N.uasset" 679
"../../../../../ultra/Documents/GitHub/Isolation-uProject/Content/StarterContent/Materials/M_Rock_Basalt.uasset" 680
"../../../../../ultra/Documents/GitHub/Isolation-uProject/Content/StarterContent/Materials/M_Rock_Marble_Polished.uasset" 681
"../../../../../ultra/Documents/GitHub/Isolation-uProject/Content/StarterContent/Textures/T_Rock_Sandstone_D.uasset" 682
"../../../../../ultra/Documents/GitHub/Isolation-uProject/Content/StarterContent/Textures/T_Rock_Sandstone_N.uasset" 683
"../../../../../ultra/Documents/GitHub/Isolation-uProject/Content/StarterContent/Materials/M_Rock_Sandstone.uasset" 684
"../../../../../ultra/Documents/GitHub/Isolation-uProject/Content/StarterContent/Textures/T_Rock_Slate_D.uasset" 685
"../../../../../ultra/Documents/GitHub/Isolation-uProject/Content/StarterContent/Textures/T_Rock_Slate_N.uasset" 686
"../../../../../ultra/Documents/GitHub/Isolation-uProject/Content/StarterContent/Materials/M_Rock_Slate.uasset" 687
"../../../../../ultra/Documents/GitHub/Isolation-uProject/Content/StarterContent/Textures/T_Checker_Noise_M.uasset" 688
"../../../../../ultra/Documents/GitHub/Isolation-uProject/Content/StarterContent/Textures/T_Single_Tile_N.uasset" 689
"../../../../../ultra/Documents/GitHub/Isolation-uProject/Content/StarterContent/Textures/T_Tech_Dot_M.uasset" 690
"../../../../../ultra/Documents/GitHub/Isolation-uProject/Content/StarterContent/Textures/T_Tech_Dot_N.uasset" 691
"../../../../../ultra/Documents/GitHub/Isolation-uProject/Content/StarterContent/Materials/M_Tech_Checker_Dot.uasset" 692
"../../../../../ultra/Documents/GitHub/Isolation-uProject/Content/StarterContent/Textures/T_Tech_Hex_Tile_M.uasset" 693
"../../../../../ultra/Documents/GitHub/Isolation-uProject/Content/StarterContent/Textures/T_Tech_Hex_Tile_N.uasset" 694
"../../../../../ultra/Documents/GitHub/Isolation-uProject/Content/StarterContent/Materials/M_Tech_Hex_Tile.uasset" 695
"../../../../../ultra/Documents/GitHub/Isolation-uProject/Content/StarterContent/Materials/M_Tech_Hex_Tile_Pulse.uasset" 696
"../../../../../ultra/Documents/GitHub/Isolation-uProject/Content/StarterContent/Textures/T_Tech_Panel_M.uasset" 697
"../../../../../ultra/Documents/GitHub/Isolation-uProject/Content/StarterContent/Textures/T_Tech_Panel_N.uasset" 698
"../../../../../ultra/Documents/GitHub/Isolation-uProject/Content/StarterContent/Materials/M_Tech_Panel.uasset" 699
"../../../../../ultra/Documents/GitHub/Isolation-uProject/Content/StarterContent/Materials/M_Water_Lake.uasset" 700
"../../../../../ultra/Documents/GitHub/Isolation-uProject/Content/StarterContent/Textures/T_Water_M.uasset" 701
"../../../../../ultra/Documents/GitHub/Isolation-uProject/Content/StarterContent/Materials/M_Water_Ocean.uasset" 702
"../../../Engine/Content/Functions/Engine_MaterialFunctions01/Opacity/AlphaOffset.uasset" 703
"../../../../../ultra/Documents/GitHub/Isolation-uProject/Content/StarterContent/Materials/M_Wood_Floor_Walnut_Worn.uasset" 704
"../../../../../ultra/Documents/GitHub/Isolation-uProject/Content/StarterContent/Textures/T_Wood_Pine_D.uasset" 705
"../../../../../ultra/Documents/GitHub/Isolation-uProject/Content/StarterContent/Textures/T_Wood_Pine_N.uasset" 706
"../../../../../ultra/Documents/GitHub/Isolation-uProject/Content/StarterContent/Materials/M_Wood_Pine.uasset" 707
"../../../../../ultra/Documents/GitHub/Isolation-uProject/Content/StarterContent/Textures/T_Wood_Walnut_D.uasset" 708
"../../../../../ultra/Documents/GitHub/Isolation-uProject/Content/StarterContent/Textures/T_Wood_Walnut_N.uasset" 709
"../../../../../ultra/Documents/GitHub/Isolation-uProject/Content/StarterContent/Materials/M_Wood_Walnut.uasset" 710
"../../../../../ultra/Documents/GitHub/Isolation-uProject/Content/StarterContent/Architecture/Wall_400x200.uasset" 711
"../../../../../ultra/Documents/GitHub/Isolation-uProject/Content/StarterContent/Architecture/Wall_Door_400x300.uasset" 712
"../../../../../ultra/Documents/GitHub/Isolation-uProject/Content/StarterContent/Architecture/Wall_Window_400x300.uasset" 713
"../../../../../ultra/Documents/GitHub/Isolation-uProject/Content/StarterContent/Audio/Collapse_Cue.uasset" 714
"../../../../../ultra/Documents/GitHub/Isolation-uProject/Content/StarterContent/Audio/Starter_Music_Cue.uasset" 715
"../../../../../ultra/Documents/GitHub/Isolation-uProject/Content/StarterContent/Textures/T_Dust_Particle_D.uasset" 716
"../../../../../ultra/Documents/GitHub/Isolation-uProject/Content/StarterContent/Particles/Materials/M_Dust_Particle.uasset" 717
"../../../../../ultra/Documents/GitHub/Isolation-uProject/Content/StarterContent/Particles/P_Ambient_Dust.uasset" 718
"../../../../../ultra/Documents/GitHub/Isolation-uProject/Content/StarterContent/Props/MaterialSphere.uasset" 719
"../../../../../ultra/Documents/GitHub/Isolation-uProject/Content/StarterContent/Props/SM_CornerFrame.uasset" 720
"../../../../../ultra/Documents/GitHub/Isolation-uProject/Content/StarterContent/Props/SM_GlassWindow.uasset" 721
"../../../../../ultra/Documents/GitHub/Isolation-uProject/Content/StarterContent/Props/SM_PillarFrame.uasset" 722
"../../../../../ultra/Documents/GitHub/Isolation-uProject/Content/StarterContent/Props/SM_PillarFrame300.uasset" 723
"../../../../../ultra/Documents/GitHub/Isolation-uProject/Content/StarterContent/Props/SM_WindowFrame.uasset" 724
"../../../../../ultra/Documents/GitHub/Isolation-uProject/Content/StarterContent/Shapes/Shape_QuadPyramid.uasset" 725
"../../../../../ultra/Documents/GitHub/Isolation-uProject/Content/StarterContent/Shapes/Shape_Sphere.uasset" 726
"../../../../../ultra/Documents/GitHub/Isolation-uProject/Content/StarterContent/Maps/StarterMap.umap" 727
"../../../../../ultra/Documents/GitHub/Isolation-uProject/Content/ThirdPersonBP/Maps/ThirdPersonExampleMap_BuiltData.uasset" 728
"../../../../../ultra/Documents/GitHub/Isolation-uProject/Content/Geometry/Meshes/CubeMaterial.uasset" 729
"../../../../../ultra/Documents/GitHub/Isolation-uProject/Content/Geometry/Meshes/1M_Cube.uasset" 730
"../../../../../ultra/Documents/GitHub/Isolation-uProject/Content/Geometry/Meshes/1M_Cube_Chamfer.uasset" 731
"../../../../../ultra/Documents/GitHub/Isolation-uProject/Content/Geometry/Meshes/TemplateFloor.uasset" 732
"../../../../../ultra/Documents/GitHub/Isolation-uProject/Content/ThirdPerson/Meshes/RampMaterial.uasset" 733
"../../../../../ultra/Documents/GitHub/Isolation-uProject/Content/ThirdPerson/Meshes/Bump_StaticMesh.uasset" 734
"../../../../../ultra/Documents/GitHub/Isolation-uProject/Content/ThirdPerson/Meshes/LeftArm_StaticMesh.uasset" 735
"../../../../../ultra/Documents/GitHub/Isolation-uProject/Content/ThirdPerson/Meshes/Linear_Stair_StaticMesh.uasset" 736
"../../../../../ultra/Documents/GitHub/Isolation-uProject/Content/ThirdPerson/Meshes/Ramp_StaticMesh.uasset" 737
"../../../../../ultra/Documents/GitHub/Isolation-uProject/Content/ThirdPerson/Meshes/RightArm_StaticMesh.uasset" 738
"../../../../../ultra/Documents/GitHub/Isolation-uProject/Content/ThirdPersonBP/Maps/ThirdPersonExampleMap.umap" 739
"../../../Engine/Content/Maps/Entry_BuiltData.uasset" 740
"../../../Engine/Content/Maps/Entry.umap" 741
